\BOOKMARK [1][-]{section.1}{\376\377\000\111\000\156\000\164\000\162\000\157\000\144\000\165\000\143\000\164\000\151\000\157\000\156}{}% 1
\BOOKMARK [1][-]{section.2}{\376\377\000\124\000\141\000\170\000\157\000\156\000\157\000\155\000\171}{}% 2
\BOOKMARK [2][-]{subsection.2.1}{\376\377\000\123\000\164\000\141\000\147\000\145}{section.2}% 3
\BOOKMARK [2][-]{subsection.2.2}{\376\377\000\107\000\162\000\141\000\156\000\165\000\154\000\141\000\162\000\151\000\164\000\171}{section.2}% 4
\BOOKMARK [2][-]{subsection.2.3}{\376\377\000\103\000\154\000\157\000\165\000\144}{section.2}% 5
\BOOKMARK [2][-]{subsection.2.4}{\376\377\000\124\000\157\000\160\000\157\000\154\000\157\000\147\000\171}{section.2}% 6
\BOOKMARK [2][-]{subsection.2.5}{\376\377\000\117\000\142\000\152\000\145\000\143\000\164\000\151\000\166\000\145}{section.2}% 7
\BOOKMARK [2][-]{subsection.2.6}{\376\377\000\106\000\141\000\143\000\164\000\157\000\162}{section.2}% 8
\BOOKMARK [2][-]{subsection.2.7}{\376\377\000\114\000\157\000\147\000\151\000\143}{section.2}% 9
\BOOKMARK [1][-]{section.3}{\376\377\000\123\000\165\000\162\000\166\000\145\000\171}{}% 10
\BOOKMARK [2][-]{subsection.3.1}{\376\377\000\120\000\165\000\162\000\145\000\040\000\123\000\171\000\163\000\164\000\145\000\155\000\040\000\123\000\160\000\145\000\143\000\151\000\146\000\151\000\143}{section.3}% 11
\BOOKMARK [3][-]{subsubsection.3.1.1}{\376\377\000\122\000\145\000\161\000\165\000\151\000\162\000\145\000\155\000\145\000\156\000\164\000\055\000\142\000\141\000\163\000\145\000\144\000\040\000\141\000\160\000\160\000\162\000\157\000\141\000\143\000\150\000\145\000\163}{subsection.3.1}% 12
\BOOKMARK [3][-]{subsubsection.3.1.2}{\376\377\000\101\000\162\000\143\000\150\000\151\000\164\000\145\000\143\000\164\000\165\000\162\000\145\000\055\000\142\000\141\000\163\000\145\000\144\000\040\000\141\000\160\000\160\000\162\000\157\000\141\000\143\000\150\000\145\000\163}{subsection.3.1}% 13
\BOOKMARK [3][-]{subsubsection.3.1.3}{\376\377\000\123\000\145\000\162\000\166\000\151\000\143\000\145\000\055\000\157\000\162\000\151\000\145\000\156\000\164\000\145\000\144\000\040\000\141\000\160\000\160\000\162\000\157\000\141\000\143\000\150\000\145\000\163}{subsection.3.1}% 14
\BOOKMARK [3][-]{subsubsection.3.1.4}{\376\377\000\120\000\162\000\157\000\147\000\162\000\141\000\155\000\155\000\151\000\156\000\147\000\040\000\114\000\157\000\147\000\151\000\143}{subsection.3.1}% 15
\BOOKMARK [3][-]{subsubsection.3.1.5}{\376\377\000\110\000\171\000\142\000\162\000\151\000\144}{subsection.3.1}% 16
\BOOKMARK [2][-]{subsection.3.2}{\376\377\000\103\000\154\000\157\000\165\000\144\000\040\000\123\000\171\000\163\000\164\000\145\000\155\000\040\000\123\000\160\000\145\000\143\000\151\000\146\000\151\000\143}{section.3}% 17
\BOOKMARK [3][-]{subsubsection.3.2.1}{\376\377\000\111\000\101\000\101\000\123}{subsection.3.2}% 18
\BOOKMARK [3][-]{subsubsection.3.2.2}{\376\377\000\123\000\101\000\101\000\123}{subsection.3.2}% 19
\BOOKMARK [3][-]{subsubsection.3.2.3}{\376\377\000\120\000\101\000\101\000\123}{subsection.3.2}% 20
\BOOKMARK [3][-]{subsubsection.3.2.4}{\376\377\000\115\000\103\000\103}{subsection.3.2}% 21
\BOOKMARK [3][-]{subsubsection.3.2.5}{\376\377\000\110\000\171\000\142\000\162\000\151\000\144}{subsection.3.2}% 22
\BOOKMARK [1][-]{section.4}{\376\377\000\101\000\040\000\156\000\145\000\167\000\040\000\151\000\144\000\145\000\141\000\040\000\157\000\156\000\040\000\123\000\101\000\103\000\123}{}% 23
\BOOKMARK [1][-]{section.5}{\376\377\000\103\000\157\000\156\000\143\000\154\000\165\000\163\000\151\000\157\000\156}{}% 24
\BOOKMARK [1][-]{section*.19}{\376\377\000\101\000\160\000\160\000\145\000\156\000\144\000\151\000\170\000\040\000\101\000\072\000\040\000\124\000\117\000\104\000\117}{}% 25
\BOOKMARK [1][-]{section*.20}{\376\377\000\101\000\160\000\160\000\145\000\156\000\144\000\151\000\170\000\040\000\102\000\072\000\040\000\124\000\117\000\104\000\117\000\062}{}% 26
\BOOKMARK [1][-]{section*.22}{\376\377\000\122\000\145\000\146\000\145\000\162\000\145\000\156\000\143\000\145\000\163}{}% 27
